[2019-09-08 15:21:08] INFO  org.springframework.boot.StartupInfoLogger 50 logStarting - Starting SpringBootDemoApplicationTests on DESKTOP-CQG6UGU with PID 15028 (started by song in D:\devCW\SpringBootDemo)
[2019-09-08 15:21:08] INFO  org.springframework.boot.SpringApplication 659 logStartupProfileInfo - No active profile set, falling back to default profiles: default
[2019-09-08 15:21:08] INFO  org.springframework.context.support.AbstractApplicationContext 590 prepareRefresh - Refreshing org.springframework.web.context.support.GenericWebApplicationContext@1804f60d: startup date [Sun Sep 08 15:21:08 CST 2019]; root of context hierarchy
[2019-09-08 15:21:10] INFO  org.springframework.context.support.PostProcessorRegistrationDelegate$BeanPostProcessorChecker 328 postProcessAfterInitialization - Bean 'com.alibaba.druid.spring.boot.autoconfigure.stat.DruidSpringAopConfiguration' of type [com.alibaba.druid.spring.boot.autoconfigure.stat.DruidSpringAopConfiguration] is not eligible for getting processed by all BeanPostProcessors (for example: not eligible for auto-proxying)
[2019-09-08 15:21:10] INFO  org.springframework.context.support.PostProcessorRegistrationDelegate$BeanPostProcessorChecker 328 postProcessAfterInitialization - Bean 'org.springframework.transaction.annotation.ProxyTransactionManagementConfiguration' of type [org.springframework.transaction.annotation.ProxyTransactionManagementConfiguration$$EnhancerBySpringCGLIB$$75d36a15] is not eligible for getting processed by all BeanPostProcessors (for example: not eligible for auto-proxying)
[2019-09-08 15:21:11] INFO  org.springframework.context.support.PostProcessorRegistrationDelegate$BeanPostProcessorChecker 328 postProcessAfterInitialization - Bean 'org.springframework.boot.context.properties.ConversionServiceDeducer$Factory' of type [org.springframework.boot.context.properties.ConversionServiceDeducer$Factory] is not eligible for getting processed by all BeanPostProcessors (for example: not eligible for auto-proxying)
[2019-09-08 15:21:11] INFO  org.springframework.context.support.PostProcessorRegistrationDelegate$BeanPostProcessorChecker 328 postProcessAfterInitialization - Bean 'spring.datasource.druid-com.alibaba.druid.spring.boot.autoconfigure.properties.DruidStatProperties' of type [com.alibaba.druid.spring.boot.autoconfigure.properties.DruidStatProperties] is not eligible for getting processed by all BeanPostProcessors (for example: not eligible for auto-proxying)
[2019-09-08 15:21:11] INFO  org.springframework.context.support.PostProcessorRegistrationDelegate$BeanPostProcessorChecker 328 postProcessAfterInitialization - Bean 'advisor' of type [org.springframework.aop.support.RegexpMethodPointcutAdvisor] is not eligible for getting processed by all BeanPostProcessors (for example: not eligible for auto-proxying)
[2019-09-08 15:21:11] INFO  com.alibaba.druid.spring.boot.autoconfigure.DruidDataSourceAutoConfigure 56 dataSource - Init DruidDataSource
[2019-09-08 15:21:11] INFO  com.alibaba.druid.pool.DruidDataSource 930 init - {dataSource-1} inited
[2019-09-08 15:21:11] INFO  org.springframework.boot.autoconfigure.logging.ConditionEvaluationReportLoggingListener 101 logAutoConfigurationReport - 

Error starting ApplicationContext. To display the conditions report re-run your application with 'debug' enabled.
[2019-09-08 15:21:11] INFO  com.alibaba.druid.pool.DruidDataSourceStatLoggerImpl 77 log - {"url":"jdbc:mysql://localhost:3306/spring-boot-demo?useUnicode=true&characterEncoding=utf8","dbType":"mysql","name":"DataSource-977245867","activeCount":0,"poolingCount":0,"connectCount":0,"closeCount":0,"physicalConnectErrorCount":1}
[2019-09-08 15:25:07] INFO  org.springframework.boot.StartupInfoLogger 50 logStarting - Starting SpringBootDemoApplication on DESKTOP-CQG6UGU with PID 20780 (D:\devCW\SpringBootDemo\target\classes started by song in D:\devCW\SpringBootDemo)
[2019-09-08 15:25:07] INFO  org.springframework.boot.SpringApplication 659 logStartupProfileInfo - No active profile set, falling back to default profiles: default
[2019-09-08 15:25:08] INFO  org.springframework.context.support.AbstractApplicationContext 590 prepareRefresh - Refreshing org.springframework.boot.web.servlet.context.AnnotationConfigServletWebServerApplicationContext@511df30: startup date [Sun Sep 08 15:25:08 CST 2019]; root of context hierarchy
[2019-09-08 15:25:09] INFO  org.springframework.context.support.PostProcessorRegistrationDelegate$BeanPostProcessorChecker 328 postProcessAfterInitialization - Bean 'com.alibaba.druid.spring.boot.autoconfigure.stat.DruidSpringAopConfiguration' of type [com.alibaba.druid.spring.boot.autoconfigure.stat.DruidSpringAopConfiguration] is not eligible for getting processed by all BeanPostProcessors (for example: not eligible for auto-proxying)
[2019-09-08 15:25:09] INFO  org.springframework.context.support.PostProcessorRegistrationDelegate$BeanPostProcessorChecker 328 postProcessAfterInitialization - Bean 'org.springframework.transaction.annotation.ProxyTransactionManagementConfiguration' of type [org.springframework.transaction.annotation.ProxyTransactionManagementConfiguration$$EnhancerBySpringCGLIB$$4e880814] is not eligible for getting processed by all BeanPostProcessors (for example: not eligible for auto-proxying)
[2019-09-08 15:25:09] INFO  org.springframework.context.support.PostProcessorRegistrationDelegate$BeanPostProcessorChecker 328 postProcessAfterInitialization - Bean 'org.springframework.boot.context.properties.ConversionServiceDeducer$Factory' of type [org.springframework.boot.context.properties.ConversionServiceDeducer$Factory] is not eligible for getting processed by all BeanPostProcessors (for example: not eligible for auto-proxying)
[2019-09-08 15:25:09] INFO  org.springframework.context.support.PostProcessorRegistrationDelegate$BeanPostProcessorChecker 328 postProcessAfterInitialization - Bean 'spring.datasource.druid-com.alibaba.druid.spring.boot.autoconfigure.properties.DruidStatProperties' of type [com.alibaba.druid.spring.boot.autoconfigure.properties.DruidStatProperties] is not eligible for getting processed by all BeanPostProcessors (for example: not eligible for auto-proxying)
[2019-09-08 15:25:09] INFO  org.springframework.context.support.PostProcessorRegistrationDelegate$BeanPostProcessorChecker 328 postProcessAfterInitialization - Bean 'advisor' of type [org.springframework.aop.support.RegexpMethodPointcutAdvisor] is not eligible for getting processed by all BeanPostProcessors (for example: not eligible for auto-proxying)
[2019-09-08 15:25:09] INFO  org.springframework.boot.web.embedded.tomcat.TomcatWebServer 91 initialize - Tomcat initialized with port(s): 8088 (http)
[2019-09-08 15:25:09] INFO  org.apache.juli.logging.DirectJDKLog 180 log - Starting service [Tomcat]
[2019-09-08 15:25:09] INFO  org.apache.juli.logging.DirectJDKLog 180 log - Starting Servlet Engine: Apache Tomcat/8.5.31
[2019-09-08 15:25:09] INFO  org.apache.juli.logging.DirectJDKLog 180 log - The APR based Apache Tomcat Native library which allows optimal performance in production environments was not found on the java.library.path: [D:\softA\Java\jdk1.8.0_77\bin;C:\WINDOWS\Sun\Java\bin;C:\WINDOWS\system32;C:\WINDOWS;D:\softA\xshell\NetSarang\Xftp 6\;C:\ProgramData\Oracle\Java\javapath;C:\Windows\system32;C:\Windows;C:\Windows\System32\Wbem;C:\Windows\System32\WindowsPowerShell\v1.0\;C:\Program Files (x86)\NVIDIA Corporation\PhysX\Common;C:\WINDOWS\system32;C:\WINDOWS;C:\WINDOWS\System32\Wbem;C:\WINDOWS\System32\WindowsPowerShell\v1.0\;C:\WINDOWS\System32\OpenSSH\;C:\Program Files (x86)\Intel\Intel(R) Management Engine Components\DAL;C:\Program Files\Intel\Intel(R) Management Engine Components\DAL;D:\softA\VersionControl\Git\cmd;D:\softA\VersionControl\TortoiseGit\bin;D:\softA\xshell\WinSCP\;D:\softA\xshell\VanDyke Software\Clients\;%MYSQL_HOME%\bin;C:\Users\song\AppData\Local\Microsoft\WindowsApps;C:\Program Files\Bandizip\;D:\softB\brandzip\;C:\Program Files\JetBrains\IntelliJ IDEA 2019.2.1\bin;;C:\Program Files\JetBrains\IntelliJ IDEA Community Edition 2019.2.1\bin;;.]
[2019-09-08 15:25:09] INFO  org.apache.juli.logging.DirectJDKLog 180 log - Initializing Spring embedded WebApplicationContext
[2019-09-08 15:25:09] INFO  org.springframework.boot.web.servlet.context.ServletWebServerApplicationContext 285 prepareWebApplicationContext - Root WebApplicationContext: initialization completed in 1886 ms
[2019-09-08 15:25:10] INFO  org.springframework.boot.web.servlet.ServletRegistrationBean 186 addRegistration - Servlet dispatcherServlet mapped to [/]
[2019-09-08 15:25:10] INFO  org.springframework.boot.web.servlet.ServletRegistrationBean 186 addRegistration - Servlet statViewServlet mapped to [/druid/*]
[2019-09-08 15:25:10] INFO  org.springframework.boot.web.servlet.AbstractFilterRegistrationBean 245 configure - Mapping filter: 'characterEncodingFilter' to: [/*]
[2019-09-08 15:25:10] INFO  org.springframework.boot.web.servlet.AbstractFilterRegistrationBean 245 configure - Mapping filter: 'hiddenHttpMethodFilter' to: [/*]
[2019-09-08 15:25:10] INFO  org.springframework.boot.web.servlet.AbstractFilterRegistrationBean 245 configure - Mapping filter: 'httpPutFormContentFilter' to: [/*]
[2019-09-08 15:25:10] INFO  org.springframework.boot.web.servlet.AbstractFilterRegistrationBean 245 configure - Mapping filter: 'requestContextFilter' to: [/*]
[2019-09-08 15:25:10] INFO  org.springframework.boot.web.servlet.AbstractFilterRegistrationBean 258 configure - Mapping filter: 'webStatFilter' to urls: [/*]
[2019-09-08 15:25:10] INFO  com.alibaba.druid.spring.boot.autoconfigure.DruidDataSourceAutoConfigure 56 dataSource - Init DruidDataSource
[2019-09-08 15:25:10] INFO  com.alibaba.druid.pool.DruidDataSource 930 init - {dataSource-1} inited
[2019-09-08 15:25:10] INFO  com.alibaba.druid.pool.DruidDataSourceStatLoggerImpl 77 log - {"url":"jdbc:mysql://localhost:3306/ipproxy?useUnicode=true&characterEncoding=utf8","dbType":"mysql","name":"DataSource-1401075224","activeCount":0,"poolingCount":5,"poolingPeak":5,"poolingPeakTime":"2019-09-08 15:25:10","connectCount":0,"closeCount":0,"physicalConnectCount":5}
[2019-09-08 15:25:11] INFO  org.springframework.aop.framework.CglibAopProxy 271 doValidateClass - Method [java.util.List springfox.documentation.schema.property.OptimizedModelPropertiesProvider.candidateProperties(com.fasterxml.classmate.ResolvedType,com.fasterxml.jackson.databind.introspect.AnnotatedMember,com.fasterxml.jackson.databind.introspect.BeanPropertyDefinition,springfox.documentation.spi.schema.contexts.ModelContext)] is package-visible across different ClassLoaders and cannot get proxied via CGLIB: Declare this method as public or protected if you need to support invocations through the proxy.
[2019-09-08 15:25:11] INFO  org.springframework.web.servlet.handler.AbstractHandlerMethodMapping$MappingRegistry 547 register - Mapped "{[/admin/test],methods=[GET]}" onto public com.greedystar.springbootdemo.common.Response com.greedystar.springbootdemo.modules.web.AdminController.test()
[2019-09-08 15:25:11] INFO  org.springframework.web.servlet.handler.AbstractHandlerMethodMapping$MappingRegistry 547 register - Mapped "{[/user/delete],methods=[POST]}" onto public com.greedystar.springbootdemo.common.Response com.greedystar.springbootdemo.modules.web.UserController.delete(com.greedystar.springbootdemo.modules.entity.User)
[2019-09-08 15:25:11] INFO  org.springframework.web.servlet.handler.AbstractHandlerMethodMapping$MappingRegistry 547 register - Mapped "{[/user/save],methods=[POST]}" onto public com.greedystar.springbootdemo.common.Response com.greedystar.springbootdemo.modules.web.UserController.save(com.greedystar.springbootdemo.modules.entity.User)
[2019-09-08 15:25:11] INFO  org.springframework.web.servlet.handler.AbstractHandlerMethodMapping$MappingRegistry 547 register - Mapped "{[/user/list],methods=[GET]}" onto public com.greedystar.springbootdemo.common.Response com.greedystar.springbootdemo.modules.web.UserController.getUserList()
[2019-09-08 15:25:11] INFO  org.springframework.web.servlet.handler.AbstractHandlerMethodMapping$MappingRegistry 547 register - Mapped "{[/user/{id}],methods=[GET]}" onto public com.greedystar.springbootdemo.common.Response com.greedystar.springbootdemo.modules.web.UserController.getUserById(java.lang.String)
[2019-09-08 15:25:11] INFO  org.springframework.web.servlet.handler.AbstractHandlerMethodMapping$MappingRegistry 547 register - Mapped "{[/v2/api-docs],methods=[GET]}" onto public org.springframework.http.ResponseEntity<springfox.documentation.spring.web.json.Json> springfox.documentation.swagger2.web.Swagger2Controller.getDocumentation(java.lang.String)
[2019-09-08 15:25:11] INFO  org.springframework.web.servlet.handler.AbstractHandlerMethodMapping$MappingRegistry 547 register - Mapped "{[/configuration/security]}" onto org.springframework.http.ResponseEntity<springfox.documentation.swagger.web.SecurityConfiguration> springfox.documentation.swagger.web.ApiResourceController.securityConfiguration()
[2019-09-08 15:25:11] INFO  org.springframework.web.servlet.handler.AbstractHandlerMethodMapping$MappingRegistry 547 register - Mapped "{[/configuration/ui]}" onto org.springframework.http.ResponseEntity<springfox.documentation.swagger.web.UiConfiguration> springfox.documentation.swagger.web.ApiResourceController.uiConfiguration()
[2019-09-08 15:25:11] INFO  org.springframework.web.servlet.handler.AbstractHandlerMethodMapping$MappingRegistry 547 register - Mapped "{[/swagger-resources]}" onto org.springframework.http.ResponseEntity<java.util.List<springfox.documentation.swagger.web.SwaggerResource>> springfox.documentation.swagger.web.ApiResourceController.swaggerResources()
[2019-09-08 15:25:11] INFO  org.springframework.web.servlet.handler.AbstractHandlerMethodMapping$MappingRegistry 547 register - Mapped "{[/error]}" onto public org.springframework.http.ResponseEntity<java.util.Map<java.lang.String, java.lang.Object>> org.springframework.boot.autoconfigure.web.servlet.error.BasicErrorController.error(javax.servlet.http.HttpServletRequest)
[2019-09-08 15:25:11] INFO  org.springframework.web.servlet.handler.AbstractHandlerMethodMapping$MappingRegistry 547 register - Mapped "{[/error],produces=[text/html]}" onto public org.springframework.web.servlet.ModelAndView org.springframework.boot.autoconfigure.web.servlet.error.BasicErrorController.errorHtml(javax.servlet.http.HttpServletRequest,javax.servlet.http.HttpServletResponse)
[2019-09-08 15:25:11] INFO  org.springframework.web.servlet.handler.AbstractUrlHandlerMapping 373 registerHandler - Mapped URL path [/**/favicon.ico] onto handler of type [class org.springframework.web.servlet.resource.ResourceHttpRequestHandler]
[2019-09-08 15:25:11] INFO  org.springframework.web.servlet.mvc.method.annotation.RequestMappingHandlerAdapter 574 initControllerAdviceCache - Looking for @ControllerAdvice: org.springframework.boot.web.servlet.context.AnnotationConfigServletWebServerApplicationContext@511df30: startup date [Sun Sep 08 15:25:08 CST 2019]; root of context hierarchy
[2019-09-08 15:25:11] INFO  org.springframework.web.servlet.handler.AbstractUrlHandlerMapping 373 registerHandler - Mapped URL path [/webjars/**] onto handler of type [class org.springframework.web.servlet.resource.ResourceHttpRequestHandler]
[2019-09-08 15:25:11] INFO  org.springframework.web.servlet.handler.AbstractUrlHandlerMapping 373 registerHandler - Mapped URL path [/**] onto handler of type [class org.springframework.web.servlet.resource.ResourceHttpRequestHandler]
[2019-09-08 15:25:11] INFO  org.springframework.boot.devtools.autoconfigure.OptionalLiveReloadServer 57 startServer - LiveReload server is running on port 35729
[2019-09-08 15:25:11] INFO  org.springframework.jmx.export.MBeanExporter 433 afterSingletonsInstantiated - Registering beans for JMX exposure on startup
[2019-09-08 15:25:11] INFO  org.springframework.jmx.export.MBeanExporter 895 autodetect - Bean with name 'statFilter' has been autodetected for JMX exposure
[2019-09-08 15:25:11] INFO  org.springframework.jmx.export.MBeanExporter 895 autodetect - Bean with name 'log4j2Filter' has been autodetected for JMX exposure
[2019-09-08 15:25:11] INFO  org.springframework.jmx.export.MBeanExporter 895 autodetect - Bean with name 'wallConfig' has been autodetected for JMX exposure
[2019-09-08 15:25:11] INFO  org.springframework.jmx.export.MBeanExporter 895 autodetect - Bean with name 'wallFilter' has been autodetected for JMX exposure
[2019-09-08 15:25:11] INFO  org.springframework.jmx.export.MBeanExporter 895 autodetect - Bean with name 'dataSource' has been autodetected for JMX exposure
[2019-09-08 15:25:11] INFO  org.springframework.jmx.export.MBeanExporter 668 registerBeanInstance - Located MBean 'log4j2Filter': registering with JMX server as MBean [com.alibaba.druid.filter.logging:name=log4j2Filter,type=Log4j2Filter]
[2019-09-08 15:25:11] INFO  org.springframework.jmx.export.MBeanExporter 668 registerBeanInstance - Located MBean 'wallConfig': registering with JMX server as MBean [com.alibaba.druid.wall:name=wallConfig,type=WallConfig]
[2019-09-08 15:25:11] INFO  org.springframework.jmx.export.MBeanExporter 668 registerBeanInstance - Located MBean 'wallFilter': registering with JMX server as MBean [com.alibaba.druid.wall:name=wallFilter,type=WallFilter]
[2019-09-08 15:25:11] INFO  org.springframework.jmx.export.MBeanExporter 668 registerBeanInstance - Located MBean 'dataSource': registering with JMX server as MBean [com.alibaba.druid.spring.boot.autoconfigure:name=dataSource,type=DruidDataSourceWrapper]
[2019-09-08 15:25:11] INFO  org.springframework.jmx.export.MBeanExporter 668 registerBeanInstance - Located MBean 'statFilter': registering with JMX server as MBean [com.alibaba.druid.filter.stat:name=statFilter,type=StatFilter]
[2019-09-08 15:25:11] INFO  springfox.documentation.spring.web.plugins.DocumentationPluginsBootstrapper 80 onApplicationEvent - Context refreshed
[2019-09-08 15:25:11] INFO  springfox.documentation.spring.web.plugins.DocumentationPluginsBootstrapper 83 onApplicationEvent - Found {0} custom documentation plugin(s)
[2019-09-08 15:25:11] INFO  springfox.documentation.spring.web.scanners.ApiListingReferenceScanner 53 scan - Scanning for api listing references
[2019-09-08 15:25:11] INFO  springfox.documentation.swagger.web.ClassOrApiAnnotationResourceGrouping$1 100 apply - Group for method test was admin-controller
[2019-09-08 15:25:11] INFO  springfox.documentation.spring.web.scanners.ApiListingReferenceScanner 72 scan - Request mapping: test belongs to groups: [[ResourceGroup{groupName='admin-controller', position=0, controller=com.greedystar.springbootdemo.modules.web.AdminController}]] 
[2019-09-08 15:25:11] INFO  springfox.documentation.swagger.web.ClassOrApiAnnotationResourceGrouping$1 100 apply - Group for method delete was user-controller
[2019-09-08 15:25:11] INFO  springfox.documentation.spring.web.scanners.ApiListingReferenceScanner 72 scan - Request mapping: delete belongs to groups: [[ResourceGroup{groupName='user-controller', position=0, controller=com.greedystar.springbootdemo.modules.web.UserController}]] 
[2019-09-08 15:25:11] INFO  springfox.documentation.swagger.web.ClassOrApiAnnotationResourceGrouping$1 100 apply - Group for method getUserList was user-controller
[2019-09-08 15:25:11] INFO  springfox.documentation.spring.web.scanners.ApiListingReferenceScanner 72 scan - Request mapping: getUserList belongs to groups: [[ResourceGroup{groupName='user-controller', position=0, controller=com.greedystar.springbootdemo.modules.web.UserController}]] 
[2019-09-08 15:25:11] INFO  springfox.documentation.swagger.web.ClassOrApiAnnotationResourceGrouping$1 100 apply - Group for method save was user-controller
[2019-09-08 15:25:11] INFO  springfox.documentation.spring.web.scanners.ApiListingReferenceScanner 72 scan - Request mapping: save belongs to groups: [[ResourceGroup{groupName='user-controller', position=0, controller=com.greedystar.springbootdemo.modules.web.UserController}]] 
[2019-09-08 15:25:11] INFO  springfox.documentation.swagger.web.ClassOrApiAnnotationResourceGrouping$1 100 apply - Group for method getUserById was user-controller
[2019-09-08 15:25:11] INFO  springfox.documentation.spring.web.scanners.ApiListingReferenceScanner 72 scan - Request mapping: getUserById belongs to groups: [[ResourceGroup{groupName='user-controller', position=0, controller=com.greedystar.springbootdemo.modules.web.UserController}]] 
[2019-09-08 15:25:11] INFO  springfox.documentation.spring.web.scanners.ApiListingReferenceScanner 84 scan - Created resource listing Path: /default/user-controller Description: user-controller Position: 0
[2019-09-08 15:25:11] INFO  springfox.documentation.spring.web.scanners.ApiListingReferenceScanner 84 scan - Created resource listing Path: /default/admin-controller Description: admin-controller Position: 0
[2019-09-08 15:25:12] INFO  springfox.documentation.schema.ModelContextKeyGenerator 46 generate - Cache Key Generated: com.greedystar.springbootdemo.common.Response(true)
[2019-09-08 15:25:12] INFO  springfox.documentation.spring.web.caching.CachingAspect 79 modelsAndDependencies - Caching aspect applied for cache models with key com.greedystar.springbootdemo.common.Response(true)
[2019-09-08 15:25:12] INFO  springfox.documentation.schema.property.ModelPropertiesKeyGenerator 48 generate - Cache key generated: com.greedystar.springbootdemo.common.Response(true)
[2019-09-08 15:25:12] INFO  springfox.documentation.spring.web.caching.CachingAspect 68 operationsAndProperties - Caching aspect applied for cache modelProperties with key com.greedystar.springbootdemo.common.Response(true)
[2019-09-08 15:25:12] INFO  springfox.documentation.schema.ModelContextKeyGenerator 46 generate - Cache Key Generated: com.greedystar.springbootdemo.common.Response(true)
[2019-09-08 15:25:12] INFO  springfox.documentation.spring.web.caching.CachingAspect 79 modelsAndDependencies - Caching aspect applied for cache modelDependencies with key com.greedystar.springbootdemo.common.Response(true)
[2019-09-08 15:25:12] INFO  springfox.documentation.schema.property.ModelPropertiesKeyGenerator 48 generate - Cache key generated: com.greedystar.springbootdemo.common.Response(true)
[2019-09-08 15:25:12] INFO  springfox.documentation.spring.web.caching.CachingAspect 68 operationsAndProperties - Caching aspect applied for cache modelProperties with key com.greedystar.springbootdemo.common.Response(true)
[2019-09-08 15:25:12] INFO  springfox.documentation.schema.property.ModelPropertiesKeyGenerator 48 generate - Cache key generated: com.greedystar.springbootdemo.common.Response$Meta(true)
[2019-09-08 15:25:12] INFO  springfox.documentation.spring.web.caching.CachingAspect 68 operationsAndProperties - Caching aspect applied for cache modelProperties with key com.greedystar.springbootdemo.common.Response$Meta(true)
[2019-09-08 15:25:12] INFO  springfox.documentation.schema.property.ModelPropertiesKeyGenerator 48 generate - Cache key generated: com.greedystar.springbootdemo.common.Response$Meta(true)
[2019-09-08 15:25:12] INFO  springfox.documentation.spring.web.caching.CachingAspect 68 operationsAndProperties - Caching aspect applied for cache modelProperties with key com.greedystar.springbootdemo.common.Response$Meta(true)
[2019-09-08 15:25:12] INFO  springfox.documentation.spring.web.OperationsKeyGenerator 51 generate - Cache key generated: /admin/test.com.greedystar.springbootdemo.modules.web.AdminController.test.DefaultGenericTypeNamingStrategy
[2019-09-08 15:25:12] INFO  springfox.documentation.spring.web.caching.CachingAspect 68 operationsAndProperties - Caching aspect applied for cache operations with key /admin/test.com.greedystar.springbootdemo.modules.web.AdminController.test.DefaultGenericTypeNamingStrategy
[2019-09-08 15:25:12] INFO  springfox.documentation.swagger.web.ClassOrApiAnnotationResourceGrouping$1 100 apply - Group for method test was admin-controller
[2019-09-08 15:25:12] INFO  springfox.documentation.swagger.web.ClassOrApiAnnotationResourceGrouping$1 100 apply - Group for method test was admin-controller
[2019-09-08 15:25:12] INFO  springfox.documentation.schema.ModelContextKeyGenerator 46 generate - Cache Key Generated: com.greedystar.springbootdemo.common.Response(true)
[2019-09-08 15:25:12] INFO  springfox.documentation.spring.web.caching.CachingAspect 79 modelsAndDependencies - Caching aspect applied for cache models with key com.greedystar.springbootdemo.common.Response(true)
[2019-09-08 15:25:12] INFO  springfox.documentation.schema.ModelContextKeyGenerator 46 generate - Cache Key Generated: com.greedystar.springbootdemo.common.Response(true)
[2019-09-08 15:25:12] INFO  springfox.documentation.spring.web.caching.CachingAspect 79 modelsAndDependencies - Caching aspect applied for cache modelDependencies with key com.greedystar.springbootdemo.common.Response(true)
[2019-09-08 15:25:12] INFO  springfox.documentation.schema.property.ModelPropertiesKeyGenerator 48 generate - Cache key generated: com.greedystar.springbootdemo.common.Response$Meta(true)
[2019-09-08 15:25:12] INFO  springfox.documentation.spring.web.caching.CachingAspect 68 operationsAndProperties - Caching aspect applied for cache modelProperties with key com.greedystar.springbootdemo.common.Response$Meta(true)
[2019-09-08 15:25:12] INFO  springfox.documentation.schema.ModelContextKeyGenerator 46 generate - Cache Key Generated: com.greedystar.springbootdemo.modules.entity.User(false)
[2019-09-08 15:25:12] INFO  springfox.documentation.spring.web.caching.CachingAspect 79 modelsAndDependencies - Caching aspect applied for cache models with key com.greedystar.springbootdemo.modules.entity.User(false)
[2019-09-08 15:25:12] INFO  springfox.documentation.schema.property.ModelPropertiesKeyGenerator 48 generate - Cache key generated: com.greedystar.springbootdemo.modules.entity.User(false)
[2019-09-08 15:25:12] INFO  springfox.documentation.spring.web.caching.CachingAspect 68 operationsAndProperties - Caching aspect applied for cache modelProperties with key com.greedystar.springbootdemo.modules.entity.User(false)
[2019-09-08 15:25:12] INFO  springfox.documentation.schema.ModelContextKeyGenerator 46 generate - Cache Key Generated: com.greedystar.springbootdemo.modules.entity.User(false)
[2019-09-08 15:25:12] INFO  springfox.documentation.spring.web.caching.CachingAspect 79 modelsAndDependencies - Caching aspect applied for cache modelDependencies with key com.greedystar.springbootdemo.modules.entity.User(false)
[2019-09-08 15:25:12] INFO  springfox.documentation.schema.property.ModelPropertiesKeyGenerator 48 generate - Cache key generated: com.greedystar.springbootdemo.modules.entity.User(false)
[2019-09-08 15:25:12] INFO  springfox.documentation.spring.web.caching.CachingAspect 68 operationsAndProperties - Caching aspect applied for cache modelProperties with key com.greedystar.springbootdemo.modules.entity.User(false)
[2019-09-08 15:25:12] INFO  springfox.documentation.schema.property.ModelPropertiesKeyGenerator 48 generate - Cache key generated: com.greedystar.springbootdemo.modules.entity.Role(false)
[2019-09-08 15:25:12] INFO  springfox.documentation.spring.web.caching.CachingAspect 68 operationsAndProperties - Caching aspect applied for cache modelProperties with key com.greedystar.springbootdemo.modules.entity.Role(false)
[2019-09-08 15:25:12] INFO  springfox.documentation.schema.property.ModelPropertiesKeyGenerator 48 generate - Cache key generated: com.greedystar.springbootdemo.modules.entity.Role(false)
[2019-09-08 15:25:12] INFO  springfox.documentation.spring.web.caching.CachingAspect 68 operationsAndProperties - Caching aspect applied for cache modelProperties with key com.greedystar.springbootdemo.modules.entity.Role(false)
[2019-09-08 15:25:12] INFO  springfox.documentation.spring.web.OperationsKeyGenerator 51 generate - Cache key generated: /user/delete.com.greedystar.springbootdemo.modules.web.UserController.delete.DefaultGenericTypeNamingStrategy
[2019-09-08 15:25:12] INFO  springfox.documentation.spring.web.caching.CachingAspect 68 operationsAndProperties - Caching aspect applied for cache operations with key /user/delete.com.greedystar.springbootdemo.modules.web.UserController.delete.DefaultGenericTypeNamingStrategy
[2019-09-08 15:25:12] INFO  springfox.documentation.swagger.web.ClassOrApiAnnotationResourceGrouping$1 100 apply - Group for method delete was user-controller
[2019-09-08 15:25:12] INFO  springfox.documentation.swagger.web.ClassOrApiAnnotationResourceGrouping$1 100 apply - Group for method delete was user-controller
[2019-09-08 15:25:12] INFO  springfox.documentation.schema.ModelContextKeyGenerator 46 generate - Cache Key Generated: com.greedystar.springbootdemo.common.Response(true)
[2019-09-08 15:25:12] INFO  springfox.documentation.spring.web.caching.CachingAspect 79 modelsAndDependencies - Caching aspect applied for cache models with key com.greedystar.springbootdemo.common.Response(true)
[2019-09-08 15:25:12] INFO  springfox.documentation.schema.ModelContextKeyGenerator 46 generate - Cache Key Generated: com.greedystar.springbootdemo.common.Response(true)
[2019-09-08 15:25:12] INFO  springfox.documentation.spring.web.caching.CachingAspect 79 modelsAndDependencies - Caching aspect applied for cache modelDependencies with key com.greedystar.springbootdemo.common.Response(true)
[2019-09-08 15:25:12] INFO  springfox.documentation.schema.property.ModelPropertiesKeyGenerator 48 generate - Cache key generated: com.greedystar.springbootdemo.common.Response$Meta(true)
[2019-09-08 15:25:12] INFO  springfox.documentation.spring.web.caching.CachingAspect 68 operationsAndProperties - Caching aspect applied for cache modelProperties with key com.greedystar.springbootdemo.common.Response$Meta(true)
[2019-09-08 15:25:12] INFO  springfox.documentation.spring.web.OperationsKeyGenerator 51 generate - Cache key generated: /user/{id}.com.greedystar.springbootdemo.modules.web.UserController.getUserById.DefaultGenericTypeNamingStrategy
[2019-09-08 15:25:12] INFO  springfox.documentation.spring.web.caching.CachingAspect 68 operationsAndProperties - Caching aspect applied for cache operations with key /user/{id}.com.greedystar.springbootdemo.modules.web.UserController.getUserById.DefaultGenericTypeNamingStrategy
[2019-09-08 15:25:12] INFO  springfox.documentation.swagger.web.ClassOrApiAnnotationResourceGrouping$1 100 apply - Group for method getUserById was user-controller
[2019-09-08 15:25:12] INFO  springfox.documentation.swagger.web.ClassOrApiAnnotationResourceGrouping$1 100 apply - Group for method getUserById was user-controller
[2019-09-08 15:25:12] INFO  springfox.documentation.schema.ModelContextKeyGenerator 46 generate - Cache Key Generated: com.greedystar.springbootdemo.common.Response(true)
[2019-09-08 15:25:12] INFO  springfox.documentation.spring.web.caching.CachingAspect 79 modelsAndDependencies - Caching aspect applied for cache models with key com.greedystar.springbootdemo.common.Response(true)
[2019-09-08 15:25:12] INFO  springfox.documentation.schema.ModelContextKeyGenerator 46 generate - Cache Key Generated: com.greedystar.springbootdemo.common.Response(true)
[2019-09-08 15:25:12] INFO  springfox.documentation.spring.web.caching.CachingAspect 79 modelsAndDependencies - Caching aspect applied for cache modelDependencies with key com.greedystar.springbootdemo.common.Response(true)
[2019-09-08 15:25:12] INFO  springfox.documentation.schema.property.ModelPropertiesKeyGenerator 48 generate - Cache key generated: com.greedystar.springbootdemo.common.Response$Meta(true)
[2019-09-08 15:25:12] INFO  springfox.documentation.spring.web.caching.CachingAspect 68 operationsAndProperties - Caching aspect applied for cache modelProperties with key com.greedystar.springbootdemo.common.Response$Meta(true)
[2019-09-08 15:25:12] INFO  springfox.documentation.spring.web.OperationsKeyGenerator 51 generate - Cache key generated: /user/list.com.greedystar.springbootdemo.modules.web.UserController.getUserList.DefaultGenericTypeNamingStrategy
[2019-09-08 15:25:12] INFO  springfox.documentation.spring.web.caching.CachingAspect 68 operationsAndProperties - Caching aspect applied for cache operations with key /user/list.com.greedystar.springbootdemo.modules.web.UserController.getUserList.DefaultGenericTypeNamingStrategy
[2019-09-08 15:25:12] INFO  springfox.documentation.swagger.web.ClassOrApiAnnotationResourceGrouping$1 100 apply - Group for method getUserList was user-controller
[2019-09-08 15:25:12] INFO  springfox.documentation.swagger.web.ClassOrApiAnnotationResourceGrouping$1 100 apply - Group for method getUserList was user-controller
[2019-09-08 15:25:12] INFO  springfox.documentation.schema.ModelContextKeyGenerator 46 generate - Cache Key Generated: com.greedystar.springbootdemo.common.Response(true)
[2019-09-08 15:25:12] INFO  springfox.documentation.spring.web.caching.CachingAspect 79 modelsAndDependencies - Caching aspect applied for cache models with key com.greedystar.springbootdemo.common.Response(true)
[2019-09-08 15:25:12] INFO  springfox.documentation.schema.ModelContextKeyGenerator 46 generate - Cache Key Generated: com.greedystar.springbootdemo.common.Response(true)
[2019-09-08 15:25:12] INFO  springfox.documentation.spring.web.caching.CachingAspect 79 modelsAndDependencies - Caching aspect applied for cache modelDependencies with key com.greedystar.springbootdemo.common.Response(true)
[2019-09-08 15:25:12] INFO  springfox.documentation.schema.property.ModelPropertiesKeyGenerator 48 generate - Cache key generated: com.greedystar.springbootdemo.common.Response$Meta(true)
[2019-09-08 15:25:12] INFO  springfox.documentation.spring.web.caching.CachingAspect 68 operationsAndProperties - Caching aspect applied for cache modelProperties with key com.greedystar.springbootdemo.common.Response$Meta(true)
[2019-09-08 15:25:12] INFO  springfox.documentation.schema.ModelContextKeyGenerator 46 generate - Cache Key Generated: com.greedystar.springbootdemo.modules.entity.User(false)
[2019-09-08 15:25:12] INFO  springfox.documentation.spring.web.caching.CachingAspect 79 modelsAndDependencies - Caching aspect applied for cache models with key com.greedystar.springbootdemo.modules.entity.User(false)
[2019-09-08 15:25:12] INFO  springfox.documentation.schema.ModelContextKeyGenerator 46 generate - Cache Key Generated: com.greedystar.springbootdemo.modules.entity.User(false)
[2019-09-08 15:25:12] INFO  springfox.documentation.spring.web.caching.CachingAspect 79 modelsAndDependencies - Caching aspect applied for cache modelDependencies with key com.greedystar.springbootdemo.modules.entity.User(false)
[2019-09-08 15:25:12] INFO  springfox.documentation.schema.property.ModelPropertiesKeyGenerator 48 generate - Cache key generated: com.greedystar.springbootdemo.modules.entity.Role(false)
[2019-09-08 15:25:12] INFO  springfox.documentation.spring.web.caching.CachingAspect 68 operationsAndProperties - Caching aspect applied for cache modelProperties with key com.greedystar.springbootdemo.modules.entity.Role(false)
[2019-09-08 15:25:12] INFO  springfox.documentation.spring.web.OperationsKeyGenerator 51 generate - Cache key generated: /user/save.com.greedystar.springbootdemo.modules.web.UserController.save.DefaultGenericTypeNamingStrategy
[2019-09-08 15:25:12] INFO  springfox.documentation.spring.web.caching.CachingAspect 68 operationsAndProperties - Caching aspect applied for cache operations with key /user/save.com.greedystar.springbootdemo.modules.web.UserController.save.DefaultGenericTypeNamingStrategy
[2019-09-08 15:25:12] INFO  springfox.documentation.swagger.web.ClassOrApiAnnotationResourceGrouping$1 100 apply - Group for method save was user-controller
[2019-09-08 15:25:12] INFO  springfox.documentation.swagger.web.ClassOrApiAnnotationResourceGrouping$1 100 apply - Group for method save was user-controller
[2019-09-08 15:25:12] INFO  org.springframework.boot.web.embedded.tomcat.TomcatWebServer 206 start - Tomcat started on port(s): 8088 (http) with context path ''
[2019-09-08 15:25:12] INFO  org.springframework.boot.StartupInfoLogger 59 logStarted - Started SpringBootDemoApplication in 4.812 seconds (JVM running for 6.783)
[2019-09-08 15:25:58] INFO  org.apache.juli.logging.DirectJDKLog 180 log - Initializing Spring FrameworkServlet 'dispatcherServlet'
[2019-09-08 15:25:58] INFO  org.springframework.web.servlet.FrameworkServlet 494 initServletBean - FrameworkServlet 'dispatcherServlet': initialization started
[2019-09-08 15:25:58] INFO  org.springframework.web.servlet.FrameworkServlet 509 initServletBean - FrameworkServlet 'dispatcherServlet': initialization completed in 24 ms
[2019-09-08 15:27:27] INFO  org.springframework.beans.factory.xml.XmlBeanDefinitionReader 316 loadBeanDefinitions - Loading XML bean definitions from class path resource [org/springframework/jdbc/support/sql-error-codes.xml]
[2019-09-08 15:27:27] INFO  org.springframework.jdbc.support.SQLErrorCodesFactory 128 <init> - SQLErrorCodes loaded: [DB2, Derby, H2, HDB, HSQL, Informix, MS-SQL, MySQL, Oracle, PostgreSQL, Sybase]
